FAILED TEST ~~~ test::test_language::expand_string ~~~ val is not equal to 8
FAILED TEST ~~~ test::test_language::language_dictionary ~~~ -9 is in the map map
----------------------------
Ran 2 tests in 0.004945s
FAILED ~~~ (faults=0 errors=2)